2018-03-26 17:21:48 INFO  - No active profile set, falling back to default profiles: default
2018-03-26 17:21:48 INFO  - Refreshing org.springframework.boot.context.embedded.AnnotationConfigEmbeddedWebApplicationContext@708400f6: startup date [Mon Mar 26 17:21:48 MSK 2018]; parent: org.springframework.context.annotation.AnnotationConfigApplicationContext@3857f613
2018-03-26 17:21:49 WARN  - Cannot enhance @Configuration bean definition 'refreshScope' since its singleton instance has been created too early. The typical cause is a non-static @Bean method with a BeanDefinitionRegistryPostProcessor return type: Consider declaring such methods as 'static'.
2018-03-26 17:21:49 INFO  - JSR-330 'javax.inject.Inject' annotation found and supported for autowiring
2018-03-26 17:21:49 INFO  - Bean 'org.springframework.cloud.autoconfigure.ConfigurationPropertiesRebinderAutoConfiguration' of type [class org.springframework.cloud.autoconfigure.ConfigurationPropertiesRebinderAutoConfiguration$$EnhancerBySpringCGLIB$$5db5065c] is not eligible for getting processed by all BeanPostProcessors (for example: not eligible for auto-proxying)
2018-03-26 17:21:50 INFO  - Tomcat initialized with port(s): 8081 (http)
2018-03-26 17:21:50 INFO  - Starting service Tomcat
2018-03-26 17:21:50 INFO  - Starting Servlet Engine: Apache Tomcat/8.5.6
2018-03-26 17:21:50 INFO  - Initializing Spring embedded WebApplicationContext
2018-03-26 17:21:50 INFO  - Root WebApplicationContext: initialization completed in 1116 ms
2018-03-26 17:21:50 INFO  - Mapping servlet: 'dispatcherServlet' to [/]
2018-03-26 17:21:50 INFO  - Mapping filter: 'metricsFilter' to: [/*]
2018-03-26 17:21:50 INFO  - Mapping filter: 'characterEncodingFilter' to: [/*]
2018-03-26 17:21:50 INFO  - Mapping filter: 'hiddenHttpMethodFilter' to: [/*]
2018-03-26 17:21:50 INFO  - Mapping filter: 'httpPutFormContentFilter' to: [/*]
2018-03-26 17:21:50 INFO  - Mapping filter: 'requestContextFilter' to: [/*]
2018-03-26 17:21:50 INFO  - Mapping filter: 'webRequestLoggingFilter' to: [/*]
2018-03-26 17:21:50 INFO  - Mapping filter: 'applicationContextIdFilter' to: [/*]
2018-03-26 17:21:50 INFO  - Looking for @ControllerAdvice: org.springframework.boot.context.embedded.AnnotationConfigEmbeddedWebApplicationContext@708400f6: startup date [Mon Mar 26 17:21:48 MSK 2018]; parent: org.springframework.context.annotation.AnnotationConfigApplicationContext@3857f613
2018-03-26 17:21:50 INFO  - Mapped "{[/message]}" onto public java.lang.String spring.microservices.cloud.client.controller.Controller.getMessage()
2018-03-26 17:21:50 INFO  - Mapped "{[/calculate]}" onto public java.lang.Double spring.microservices.cloud.client.controller.Controller.calculate()
2018-03-26 17:21:50 INFO  - Mapped "{[/error]}" onto public org.springframework.http.ResponseEntity<java.util.Map<java.lang.String, java.lang.Object>> org.springframework.boot.autoconfigure.web.BasicErrorController.error(javax.servlet.http.HttpServletRequest)
2018-03-26 17:21:50 INFO  - Mapped "{[/error],produces=[text/html]}" onto public org.springframework.web.servlet.ModelAndView org.springframework.boot.autoconfigure.web.BasicErrorController.errorHtml(javax.servlet.http.HttpServletRequest,javax.servlet.http.HttpServletResponse)
2018-03-26 17:21:50 INFO  - Mapped URL path [/webjars/**] onto handler of type [class org.springframework.web.servlet.resource.ResourceHttpRequestHandler]
2018-03-26 17:21:50 INFO  - Mapped URL path [/**] onto handler of type [class org.springframework.web.servlet.resource.ResourceHttpRequestHandler]
2018-03-26 17:21:51 INFO  - Mapped URL path [/**/favicon.ico] onto handler of type [class org.springframework.web.servlet.resource.ResourceHttpRequestHandler]
2018-03-26 17:21:51 INFO  - Mapped "{[/env],methods=[POST]}" onto public java.lang.Object org.springframework.cloud.context.environment.EnvironmentManagerMvcEndpoint.value(java.util.Map<java.lang.String, java.lang.String>)
2018-03-26 17:21:51 INFO  - Mapped "{[/env/reset],methods=[POST]}" onto public java.util.Map<java.lang.String, java.lang.Object> org.springframework.cloud.context.environment.EnvironmentManagerMvcEndpoint.reset()
2018-03-26 17:21:51 INFO  - Mapped "{[/pause || /pause.json],methods=[POST]}" onto public java.lang.Object org.springframework.cloud.endpoint.GenericPostableMvcEndpoint.invoke()
2018-03-26 17:21:51 INFO  - Mapped "{[/heapdump || /heapdump.json],methods=[GET],produces=[application/octet-stream]}" onto public void org.springframework.boot.actuate.endpoint.mvc.HeapdumpMvcEndpoint.invoke(boolean,javax.servlet.http.HttpServletRequest,javax.servlet.http.HttpServletResponse) throws java.io.IOException,javax.servlet.ServletException
2018-03-26 17:21:51 INFO  - Mapped "{[/archaius || /archaius.json],methods=[GET],produces=[application/json]}" onto public java.lang.Object org.springframework.boot.actuate.endpoint.mvc.EndpointMvcAdapter.invoke()
2018-03-26 17:21:51 INFO  - Mapped "{[/configprops || /configprops.json],methods=[GET],produces=[application/json]}" onto public java.lang.Object org.springframework.boot.actuate.endpoint.mvc.EndpointMvcAdapter.invoke()
2018-03-26 17:21:51 INFO  - Mapped "{[/metrics/{name:.*}],methods=[GET],produces=[application/json]}" onto public java.lang.Object org.springframework.boot.actuate.endpoint.mvc.MetricsMvcEndpoint.value(java.lang.String)
2018-03-26 17:21:51 INFO  - Mapped "{[/metrics || /metrics.json],methods=[GET],produces=[application/json]}" onto public java.lang.Object org.springframework.boot.actuate.endpoint.mvc.EndpointMvcAdapter.invoke()
2018-03-26 17:21:51 INFO  - Mapped "{[/restart || /restart.json],methods=[POST]}" onto public java.lang.Object org.springframework.cloud.context.restart.RestartMvcEndpoint.invoke()
2018-03-26 17:21:51 INFO  - Mapped "{[/autoconfig || /autoconfig.json],methods=[GET],produces=[application/json]}" onto public java.lang.Object org.springframework.boot.actuate.endpoint.mvc.EndpointMvcAdapter.invoke()
2018-03-26 17:21:51 INFO  - Mapped "{[/refresh || /refresh.json],methods=[POST]}" onto public java.lang.Object org.springframework.cloud.endpoint.GenericPostableMvcEndpoint.invoke()
2018-03-26 17:21:51 INFO  - Mapped "{[/logfile || /logfile.json],methods=[GET || HEAD]}" onto public void org.springframework.boot.actuate.endpoint.mvc.LogFileMvcEndpoint.invoke(javax.servlet.http.HttpServletRequest,javax.servlet.http.HttpServletResponse) throws javax.servlet.ServletException,java.io.IOException
2018-03-26 17:21:51 INFO  - Mapped "{[/dump || /dump.json],methods=[GET],produces=[application/json]}" onto public java.lang.Object org.springframework.boot.actuate.endpoint.mvc.EndpointMvcAdapter.invoke()
2018-03-26 17:21:51 INFO  - Mapped "{[/features || /features.json],methods=[GET],produces=[application/json]}" onto public java.lang.Object org.springframework.boot.actuate.endpoint.mvc.EndpointMvcAdapter.invoke()
2018-03-26 17:21:51 INFO  - Mapped "{[/info || /info.json],methods=[GET],produces=[application/json]}" onto public java.lang.Object org.springframework.boot.actuate.endpoint.mvc.EndpointMvcAdapter.invoke()
2018-03-26 17:21:51 INFO  - Mapped "{[/mappings || /mappings.json],methods=[GET],produces=[application/json]}" onto public java.lang.Object org.springframework.boot.actuate.endpoint.mvc.EndpointMvcAdapter.invoke()
2018-03-26 17:21:51 INFO  - Mapped "{[/env/{name:.*}],methods=[GET],produces=[application/json]}" onto public java.lang.Object org.springframework.boot.actuate.endpoint.mvc.EnvironmentMvcEndpoint.value(java.lang.String)
2018-03-26 17:21:51 INFO  - Mapped "{[/env || /env.json],methods=[GET],produces=[application/json]}" onto public java.lang.Object org.springframework.boot.actuate.endpoint.mvc.EndpointMvcAdapter.invoke()
2018-03-26 17:21:51 INFO  - Mapped "{[/trace || /trace.json],methods=[GET],produces=[application/json]}" onto public java.lang.Object org.springframework.boot.actuate.endpoint.mvc.EndpointMvcAdapter.invoke()
2018-03-26 17:21:51 INFO  - Mapped "{[/health || /health.json],produces=[application/json]}" onto public java.lang.Object org.springframework.boot.actuate.endpoint.mvc.HealthMvcEndpoint.invoke(java.security.Principal)
2018-03-26 17:21:51 INFO  - Mapped "{[/resume || /resume.json],methods=[POST]}" onto public java.lang.Object org.springframework.cloud.endpoint.GenericPostableMvcEndpoint.invoke()
2018-03-26 17:21:51 INFO  - Mapped "{[/beans || /beans.json],methods=[GET],produces=[application/json]}" onto public java.lang.Object org.springframework.boot.actuate.endpoint.mvc.EndpointMvcAdapter.invoke()
2018-03-26 17:21:51 WARN  - No URLs will be polled as dynamic configuration sources.
2018-03-26 17:21:51 INFO  - To enable URLs as dynamic configuration sources, define System property archaius.configurationSource.additionalUrls or make config.properties available on classpath.
2018-03-26 17:21:51 WARN  - No URLs will be polled as dynamic configuration sources.
2018-03-26 17:21:51 INFO  - To enable URLs as dynamic configuration sources, define System property archaius.configurationSource.additionalUrls or make config.properties available on classpath.
2018-03-26 17:21:51 INFO  - Registering beans for JMX exposure on startup
2018-03-26 17:21:51 INFO  - Bean with name 'refreshScope' has been autodetected for JMX exposure
2018-03-26 17:21:51 INFO  - Bean with name 'environmentManager' has been autodetected for JMX exposure
2018-03-26 17:21:51 INFO  - Bean with name 'configurationPropertiesRebinder' has been autodetected for JMX exposure
2018-03-26 17:21:51 INFO  - Bean with name 'refreshEndpoint' has been autodetected for JMX exposure
2018-03-26 17:21:51 INFO  - Bean with name 'restartEndpoint' has been autodetected for JMX exposure
2018-03-26 17:21:51 INFO  - Located managed bean 'environmentManager': registering with JMX server as MBean [org.springframework.cloud.context.environment:name=environmentManager,type=EnvironmentManager]
2018-03-26 17:21:51 INFO  - Located managed bean 'restartEndpoint': registering with JMX server as MBean [org.springframework.cloud.context.restart:name=restartEndpoint,type=RestartEndpoint]
2018-03-26 17:21:51 INFO  - Located managed bean 'refreshScope': registering with JMX server as MBean [org.springframework.cloud.context.scope.refresh:name=refreshScope,type=RefreshScope]
2018-03-26 17:21:51 INFO  - Located managed bean 'configurationPropertiesRebinder': registering with JMX server as MBean [org.springframework.cloud.context.properties:name=configurationPropertiesRebinder,context=708400f6,type=ConfigurationPropertiesRebinder]
2018-03-26 17:21:51 INFO  - Located managed bean 'refreshEndpoint': registering with JMX server as MBean [org.springframework.cloud.endpoint:name=refreshEndpoint,type=RefreshEndpoint]
2018-03-26 17:21:51 INFO  - Starting beans in phase 0
2018-03-26 17:21:52 INFO  - Using JSON encoding codec LegacyJacksonJson
2018-03-26 17:21:52 INFO  - Using JSON decoding codec LegacyJacksonJson
2018-03-26 17:21:52 INFO  - Using XML encoding codec XStreamXml
2018-03-26 17:21:52 INFO  - Using XML decoding codec XStreamXml
2018-03-26 17:21:52 INFO  - Resolving eureka endpoints via configuration
2018-03-26 17:21:52 INFO  - Disable delta property : false
2018-03-26 17:21:52 INFO  - Single vip registry refresh property : null
2018-03-26 17:21:52 INFO  - Force full registry fetch : false
2018-03-26 17:21:52 INFO  - Application is null : false
2018-03-26 17:21:52 INFO  - Registered Applications size is zero : true
2018-03-26 17:21:52 INFO  - Application version is -1: true
2018-03-26 17:21:52 INFO  - Getting all instance registry info from the eureka server
2018-03-26 17:21:52 INFO  - The response status is 200
2018-03-26 17:21:52 INFO  - Starting heartbeat executor: renew interval is: 30
2018-03-26 17:21:52 INFO  - InstanceInfoReplicator onDemand update allowed rate per min is 4
2018-03-26 17:21:52 INFO  - Discovery Client initialized at timestamp 1522074112533 with initial instances count: 3
2018-03-26 17:21:52 INFO  - Saw local status change event StatusChangeEvent [timestamp=1522074112549, current=UP, previous=STARTING]
2018-03-26 17:21:52 INFO  - DiscoveryClient_CLIENT/EPUALVIW1122.kyiv.epam.com:client:8081: registering service...
2018-03-26 17:21:52 INFO  - DiscoveryClient_CLIENT/EPUALVIW1122.kyiv.epam.com:client:8081 - registration status: 204
2018-03-26 17:21:52 INFO  - Tomcat started on port(s): 8081 (http)
2018-03-26 17:21:52 INFO  - Started ClientApplication in 7.723 seconds (JVM running for 8.437)
2018-03-26 17:22:25 INFO  - Initializing Spring FrameworkServlet 'dispatcherServlet'
2018-03-26 17:22:25 INFO  - FrameworkServlet 'dispatcherServlet': initialization started
2018-03-26 17:22:25 INFO  - FrameworkServlet 'dispatcherServlet': initialization completed in 18 ms
2018-03-26 17:22:26 INFO  - [CLIENT] spring.microservices.cloud.client.controller.Controller Fetch message = "Message from remote repo" from configuration server.
